
[0m[2m[35m$[0m [2m[1mtsup[0m
[33m▲ [43;33m[[43;30mWARNING[43;33m][0m [1mThe condition "types" here will never be used as it comes after both "import" and "require"[0m [package.json]

    package.json:12:6:
[37m      12 │       [32m"types"[37m: "./dist/index.d.ts"
         ╵       [32m~~~~~~~[0m

  The "import" condition comes earlier and will be used
  for all "import" statements:

    package.json:10:6:
[37m      10 │       [32m"import"[37m: "./dist/index.mjs",
         ╵       [32m~~~~~~~~[0m

  The "require" condition comes earlier and will be
  used for all "require" calls:

    package.json:11:6:
[37m      11 │       [32m"require"[37m: "./dist/index.js",
         ╵       [32m~~~~~~~~~[0m

[34mCLI[39m Building entry: src/index.ts, src/styles.css
[34mCLI[39m Using tsconfig: tsconfig.json
[34mCLI[39m tsup v8.5.0
[34mCLI[39m Using tsup config: /Users/iakbar/Documents/GitHub/projects/design-system/packages/core/tsup.config.ts
[34mCLI[39m Target: es2022
[34mCLI[39m Cleaning output folder
[34mESM[39m Build start
[34mCJS[39m Build start

[90m[[90m9:08:10 PM[90m][39m [43m[30m WARN [39m[49m [33m▲ [43;33m[[43;30mWARNING[43;33m][0m [1mThe condition "types" here will never be used as it comes after both "import" and "require"[0m [package.json]

    package.json:12:6:
[37m      12 │       [32m"types"[37m: "./dist/index.d.ts"
         ╵       [32m~~~~~~~[0m

  The "import" condition comes earlier and will be used for all "import" statements:

    package.json:10:6:
[37m      10 │       [32m"import"[37m: "./dist/index.mjs",
         ╵       [32m~~~~~~~~[0m

  The "require" condition comes earlier and will be used for all "require" calls:

    package.json:11:6:
[37m      11 │       [32m"require"[37m: "./dist/index.js",
         ╵       [32m~~~~~~~~~[0m




[90m[[90m9:08:10 PM[90m][39m [43m[30m WARN [39m[49m [33m▲ [43;33m[[43;30mWARNING[43;33m][0m [1mThe condition "types" here will never be used as it comes after both "import" and "require"[0m [package.json]

    package.json:12:6:
[37m      12 │       [32m"types"[37m: "./dist/index.d.ts"
         ╵       [32m~~~~~~~[0m

  The "import" condition comes earlier and will be used for all "import" statements:

    package.json:10:6:
[37m      10 │       [32m"import"[37m: "./dist/index.mjs",
         ╵       [32m~~~~~~~~[0m

  The "require" condition comes earlier and will be used for all "require" calls:

    package.json:11:6:
[37m      11 │       [32m"require"[37m: "./dist/index.js",
         ╵       [32m~~~~~~~~~[0m



[32mCJS[39m [1mdist/index.js       [22m[32m16.53 KB[39m
[32mCJS[39m [1mdist/styles.css     [22m[32m436.00 B[39m
[32mCJS[39m [1mdist/index.js.map   [22m[32m24.87 KB[39m
[32mCJS[39m [1mdist/styles.css.map [22m[32m869.00 B[39m
[32mCJS[39m ⚡️ Build success in 32ms
[32mESM[39m [1mdist/styles.css     [22m[32m436.00 B[39m
[32mESM[39m [1mdist/index.mjs      [22m[32m13.21 KB[39m
[32mESM[39m [1mdist/styles.css.map [22m[32m869.00 B[39m
[32mESM[39m [1mdist/index.mjs.map  [22m[32m24.59 KB[39m
[32mESM[39m ⚡️ Build success in 32ms
DTS Build start
DTS ⚡️ Build success in 1517ms
DTS dist/styles.d.mts 13.00 B
DTS dist/index.d.mts  6.40 KB
DTS dist/styles.d.ts  13.00 B
DTS dist/index.d.ts   6.40 KB
